MegaDot v4.5.1.m.9.mono.custom_build - https://godotengine.org
D3D12 12_0 - Forward+ - Using Device #0: NVIDIA - NVIDIA GeForce GT 1030
WARNING: PSO caching is not implemented yet in the Direct3D 12 driver.
   at: pipeline_cache_create (drivers/d3d12/rendering_device_driver_d3d12.cpp:4467)

FMOD Sound System: Successfully initialized
[INFO] Found release_info.json at: C:\Program Files (x86)\Steam\steamapps\common\Slay the Spire 2\release_info.json
[INFO] [Sentry.NET] Initialized: env=development, release=v0.103.2
[INFO] Steamworks: attempting initialization...
[INFO] Steam is running: True
[INFO] Steamworks initialization succeeded!
[INFO] Steam is enabled, we will write saves to steam storage. Enabled for account: True, app: True 
[INFO] Registered 11 migrations
[INFO] Current save versions: PrefsSave v2; ProfileSave v2; SerializableProgress v21; RunHistory v9; SerializableRun v16; SettingsSave v5
[INFO] Found mod manifest file C:\Program Files (x86)\Steam\steamapps\common\Slay the Spire 2\mods\AI_silent_NSFW_MOD.json
[INFO] Found mod manifest file C:\Program Files (x86)\Steam\steamapps\common\Slay the Spire 2\mods\RemoveMultiplayerPlayerLimit.json
[INFO] Found mod manifest file C:\Program Files (x86)\Steam\steamapps\common\Slay the Spire 2\mods\mod_manifest.json
[ERROR] Mod manifest C:\Program Files (x86)\Steam\steamapps\common\Slay the Spire 2\mods\mod_manifest.json is missing the 'id' field! This is not allowed. The mod will not be loaded.
   at MegaCrit.Sts2.Core.Modding.ModManager.ReadModManifest(String filename, ModSource source)
   at MegaCrit.Sts2.Core.Modding.ModManager.ReadModsInDirRecursive(String path, ModSource source, List`1 newMods)
   at MegaCrit.Sts2.Core.Modding.ModManager.Initialize(IModManagerFileIo fileIo, ModSettings settings)
   at MegaCrit.Sts2.Core.Helpers.OneTimeInitialization.ExecuteVeryEarly()
   at MegaCrit.Sts2.Core.Nodes.NGame.GameStartup()
   at System.Runtime.CompilerServices.AsyncMethodBuilderCore.Start[TStateMachine](TStateMachine& stateMachine)
   at MegaCrit.Sts2.Core.Nodes.NGame.GameStartup()
   at MegaCrit.Sts2.Core.Nodes.NGame.GameStartupWrapper()
   at System.Runtime.CompilerServices.AsyncMethodBuilderCore.Start[TStateMachine](TStateMachine& stateMachine)
   at MegaCrit.Sts2.Core.Nodes.NGame.GameStartupWrapper()
   at MegaCrit.Sts2.Core.Nodes.NGame._EnterTree()
   at Godot.Node.InvokeGodotClassMethod(godot_string_name& method, NativeVariantPtrArgs args, godot_variant& ret)
   at Godot.CanvasItem.InvokeGodotClassMethod(godot_string_name& method, NativeVariantPtrArgs args, godot_variant& ret)
   at Godot.Control.InvokeGodotClassMethod(godot_string_name& method, NativeVariantPtrArgs args, godot_variant& ret)
   at MegaCrit.Sts2.Core.Nodes.NGame.InvokeGodotClassMethod(godot_string_name& method, NativeVariantPtrArgs args, godot_variant& ret)
   at Godot.Bridge.CSharpInstanceBridge.Call(IntPtr godotObjectGCHandle, godot_string_name* method, godot_variant** args, Int32 argCount, godot_variant_call_error* refCallError, godot_variant* ret)

[INFO] Found mod manifest file C:\Program Files (x86)\Steam\steamapps\common\Slay the Spire 2\mods\BaseLib\BaseLib.json
[INFO] Found mod manifest file C:\Program Files (x86)\Steam\steamapps\common\Slay the Spire 2\mods\DamageMeter\DamageMeter.json
[INFO] Found mod manifest file C:\Program Files (x86)\Steam\steamapps\common\Slay the Spire 2\mods\LittleWizard-v0.14.0\LittleWizard.json
[ERROR] Caught System.Text.Json.JsonException trying to deserialize mod manifest json at path C:\Program Files (x86)\Steam\steamapps\common\Slay the Spire 2\mods\LittleWizard-v0.14.0\LittleWizard.json:
System.Text.Json.JsonException: The JSON value could not be converted to System.String. Path: $.dependencies[0] | LineNumber: 9 | BytePositionInLine: 20.
 ---> System.InvalidOperationException: Cannot get the value of a token type 'StartObject' as a string.
   at System.Text.Json.ThrowHelper.ThrowInvalidOperationException_ExpectedString(JsonTokenType tokenType)
   at System.Text.Json.Utf8JsonReader.GetString()
   at System.Text.Json.Serialization.JsonConverter`1.TryRead(Utf8JsonReader& reader, Type typeToConvert, JsonSerializerOptions options, ReadStack& state, T& value, Boolean& isPopulatedValue)
   at System.Text.Json.Serialization.JsonCollectionConverter`2.OnTryRead(Utf8JsonReader& reader, Type typeToConvert, JsonSerializerOptions options, ReadStack& state, TCollection& value)
   at System.Text.Json.Serialization.JsonConverter`1.TryRead(Utf8JsonReader& reader, Type typeToConvert, JsonSerializerOptions options, ReadStack& state, T& value, Boolean& isPopulatedValue)
   at System.Text.Json.Serialization.Metadata.JsonPropertyInfo`1.ReadJsonAndSetMember(Object obj, ReadStack& state, Utf8JsonReader& reader)
   at System.Text.Json.Serialization.Converters.ObjectDefaultConverter`1.OnTryRead(Utf8JsonReader& reader, Type typeToConvert, JsonSerializerOptions options, ReadStack& state, T& value)
   at System.Text.Json.Serialization.JsonConverter`1.TryRead(Utf8JsonReader& reader, Type typeToConvert, JsonSerializerOptions options, ReadStack& state, T& value, Boolean& isPopulatedValue)
   at System.Text.Json.Serialization.JsonConverter`1.ReadCore(Utf8JsonReader& reader, T& value, JsonSerializerOptions options, ReadStack& state)
   --- End of inner exception stack trace ---
   at System.Text.Json.ThrowHelper.ReThrowWithPath(ReadStack& state, Utf8JsonReader& reader, Exception ex)
   at System.Text.Json.Serialization.JsonConverter`1.ReadCore(Utf8JsonReader& reader, T& value, JsonSerializerOptions options, ReadStack& state)
   at System.Text.Json.Serialization.Metadata.JsonTypeInfo`1.ContinueDeserialize(ReadBufferState& bufferState, JsonReaderState& jsonReaderState, ReadStack& readStack, T& value)
   at System.Text.Json.Serialization.Metadata.JsonTypeInfo`1.Deserialize(Stream utf8Json)
   at MegaCrit.Sts2.Core.Modding.ModManager.ReadModManifest(String filename, ModSource source)
   at MegaCrit.Sts2.Core.Modding.ModManager.ReadModManifest(String filename, ModSource source)
   at MegaCrit.Sts2.Core.Modding.ModManager.ReadModsInDirRecursive(String path, ModSource source, List`1 newMods)
   at MegaCrit.Sts2.Core.Modding.ModManager.ReadModsInDirRecursive(String path, ModSource source, List`1 newMods)
   at MegaCrit.Sts2.Core.Modding.ModManager.Initialize(IModManagerFileIo fileIo, ModSettings settings)
   at MegaCrit.Sts2.Core.Helpers.OneTimeInitialization.ExecuteVeryEarly()
   at MegaCrit.Sts2.Core.Nodes.NGame.GameStartup()
   at System.Runtime.CompilerServices.AsyncMethodBuilderCore.Start[TStateMachine](TStateMachine& stateMachine)
   at MegaCrit.Sts2.Core.Nodes.NGame.GameStartup()
   at MegaCrit.Sts2.Core.Nodes.NGame.GameStartupWrapper()
   at System.Runtime.CompilerServices.AsyncMethodBuilderCore.Start[TStateMachine](TStateMachine& stateMachine)
   at MegaCrit.Sts2.Core.Nodes.NGame.GameStartupWrapper()
   at MegaCrit.Sts2.Core.Nodes.NGame._EnterTree()
   at Godot.Node.InvokeGodotClassMethod(godot_string_name& method, NativeVariantPtrArgs args, godot_variant& ret)
   at Godot.CanvasItem.InvokeGodotClassMethod(godot_string_name& method, NativeVariantPtrArgs args, godot_variant& ret)
   at Godot.Control.InvokeGodotClassMethod(godot_string_name& method, NativeVariantPtrArgs args, godot_variant& ret)
   at MegaCrit.Sts2.Core.Nodes.NGame.InvokeGodotClassMethod(godot_string_name& method, NativeVariantPtrArgs args, godot_variant& ret)
   at Godot.Bridge.CSharpInstanceBridge.Call(IntPtr godotObjectGCHandle, godot_string_name* method, godot_variant** args, Int32 argCount, godot_variant_call_error* refCallError, godot_variant* ret)

[INFO] Found mod manifest file C:\Program Files (x86)\Steam\steamapps\common\Slay the Spire 2\mods\ModConfig\ModConfig.json
[INFO] Found mod manifest file C:\Program Files (x86)\Steam\steamapps\common\Slay the Spire 2\mods\QuickLink\QuickLink.json
[INFO] Found mod manifest file C:\Program Files (x86)\Steam\steamapps\common\Slay the Spire 2\mods\Rewind\Rewind.json
[INFO] Found mod manifest file C:\Program Files (x86)\Steam\steamapps\common\Slay the Spire 2\mods\SpeedX\SpeedX.json
[INFO] Found mod manifest file C:\Program Files (x86)\Steam\steamapps\common\Slay the Spire 2\mods\silentSkin\mod_manifest.json
[INFO] Loading Godot PCK C:\Program Files (x86)\Steam\steamapps\common\Slay the Spire 2\mods\silentSkin\silentSkin.pck
[INFO] Finished mod initialization for 'silentSkin' (silentSkin).
[INFO] Loading assembly DLL C:\Program Files (x86)\Steam\steamapps\common\Slay the Spire 2\mods\RemoveMultiplayerPlayerLimit.dll
[INFO] Loading Godot PCK C:\Program Files (x86)\Steam\steamapps\common\Slay the Spire 2\mods\RemoveMultiplayerPlayerLimit.pck
[INFO] Calling initializer method of type RemoveMultiplayerPlayerLimit.ModEntry for RemoveMultiplayerPlayerLimit, Version=1.0.0.0, Culture=neutral, PublicKeyToken=null
[INFO] RemoveMultiplayerPlayerLimit loaded. Target limit: 8
[INFO] Finished mod initialization for 'Remove Multiplayer Player Limit' (RemoveMultiplayerPlayerLimit).
[INFO] Loading assembly DLL C:\Program Files (x86)\Steam\steamapps\common\Slay the Spire 2\mods\AI_silent_NSFW_MOD.dll
[INFO] Loading Godot PCK C:\Program Files (x86)\Steam\steamapps\common\Slay the Spire 2\mods\AI_silent_NSFW_MOD.pck
[INFO] Calling initializer method of type AI_silent_NSFW_MOD.MainFile for AI_silent_NSFW_MOD, Version=1.0.0.0, Culture=neutral, PublicKeyToken=null
[AI_silent_NSFW_MOD] initialized.
[INFO] Finished mod initialization for 'AI_silent_NSFW_MOD' (AI_silent_NSFW_MOD).
[INFO] Loading assembly DLL C:\Program Files (x86)\Steam\steamapps\common\Slay the Spire 2\mods\Rewind\Rewind.dll
[INFO] Loading Godot PCK C:\Program Files (x86)\Steam\steamapps\common\Slay the Spire 2\mods\Rewind\Rewind.pck
[INFO] Calling initializer method of type Rewind.MainFile for Rewind, Version=1.0.0.0, Culture=neutral, PublicKeyToken=null
[INFO] [sts2.piyixiajiuhenfen.rewind] I18n loaded: zhs (104 keys)
[INFO] [sts2.piyixiajiuhenfen.rewind] Encrypted stats loaded: 6 wins, 0 clean wins
[INFO] [sts2.piyixiajiuhenfen.rewind] Rewind v0.26.8 initialized! F4=Rewind, F8=CopySeed, F9=Checkpoint, Reroll=None
[INFO] Finished mod initialization for '皮皮倒带: Rewind' (Rewind).
[INFO] Skipping loading mod QuickLink, it is set to disabled in settings
[INFO] Loading assembly DLL C:\Program Files (x86)\Steam\steamapps\common\Slay the Spire 2\mods\ModConfig\ModConfig.dll
[INFO] Loading Godot PCK C:\Program Files (x86)\Steam\steamapps\common\Slay the Spire 2\mods\ModConfig\ModConfig.pck
[INFO] Calling initializer method of type ModConfig.MainFile for ModConfig, Version=1.0.0.0, Culture=neutral, PublicKeyToken=null
[INFO] [sts2.piyixiajiuhenfen.modconfig] LocManager.Instance is null at init, will use lazy detection
[INFO] [sts2.piyixiajiuhenfen.modconfig] ModConfig v0.2.3 initialized! (zero Harmony, cross-platform)
[INFO] Finished mod initialization for '皮皮配置: ModConfig' (ModConfig).
[INFO] Loading assembly DLL C:\Program Files (x86)\Steam\steamapps\common\Slay the Spire 2\mods\DamageMeter\DamageMeter.dll
[INFO] Loading Godot PCK C:\Program Files (x86)\Steam\steamapps\common\Slay the Spire 2\mods\DamageMeter\DamageMeter.pck
[INFO] Calling initializer method of type DamageMeter.MainFile for DamageMeter, Version=1.0.0.0, Culture=neutral, PublicKeyToken=null
[INFO] [sts2.piyixiajiuhenfen.damagemeter] DamageMeter settings loaded: AnalyticsApiUrl=http://124.223.63.165, AnalyticsEnabled=True
[INFO] [sts2.piyixiajiuhenfen.damagemeter] Localization loaded: zhs (121 keys)
[INFO] [sts2.piyixiajiuhenfen.damagemeter] LocManager.Instance is null, will use lazy language detection
[INFO] [sts2.piyixiajiuhenfen.damagemeter] Public API lifecycle initialized
[INFO] [sts2.piyixiajiuhenfen.damagemeter] ArchiveSyncer: found 5 history directories
[INFO] [sts2.piyixiajiuhenfen.damagemeter] RunDataCollector initialized
[INFO] [sts2.piyixiajiuhenfen.damagemeter] DamageMeter v1.14.3 initialized! (pure public API, cross-platform)
[INFO] Finished mod initialization for '皮皮统计: Skada' (DamageMeter).
[INFO] Loading assembly DLL C:\Program Files (x86)\Steam\steamapps\common\Slay the Spire 2\mods\SpeedX\SpeedX.dll
[INFO] Loading Godot PCK C:\Program Files (x86)\Steam\steamapps\common\Slay the Spire 2\mods\SpeedX\SpeedX.pck
[INFO] [sts2.piyixiajiuhenfen.damagemeter] AnalyticsSyncer: no new files to sync
[INFO] Calling initializer method of type SpeedX.MainFile for SpeedX, Version=1.0.0.0, Culture=neutral, PublicKeyToken=null
[INFO] [sts2.piyixiajiuhenfen.damagemeter] ArchiveSyncer: no new .run files to sync
[INFO] [sts2.piyixiajiuhenfen.speedx] Settings loaded from user://ModConfig/sts2.piyixiajiuhenfen.speedx.json
[INFO] [sts2.piyixiajiuhenfen.speedx] I18n loaded: zhs (51 keys)
[INFO] [sts2.piyixiajiuhenfen.speedx] SpeedX v0.11.7 initialized! Press F9 to open settings
[INFO] Finished mod initialization for '皮皮极速: SpeedX' (SpeedX).
[INFO] Loading assembly DLL C:\Program Files (x86)\Steam\steamapps\common\Slay the Spire 2\mods\BaseLib\BaseLib.dll
[INFO] Loading Godot PCK C:\Program Files (x86)\Steam\steamapps\common\Slay the Spire 2\mods\BaseLib\BaseLib.pck
[INFO] Calling initializer method of type BaseLib.BaseLibMain for BaseLib, Version=3.1.4.0, Culture=neutral, PublicKeyToken=null
[INFO] [BaseLib] Created node factory for Control.
[INFO] [BaseLib] Created node factory for NCreatureVisuals.
[INFO] [BaseLib] Created node factory for NRestSiteCharacter.
[INFO] [BaseLib] Created node factory for NMerchantCharacter.
[INFO] [BaseLib] Created node factory for NEnergyCounter.
[INFO] [BaseLib] Created node factory for NCustomTreasureRoomChest.
[INFO] [BaseLib] Registered config for mod BaseLib
[INFO] [BaseLib] Performing CustomPile patch
[INFO] [BaseLib] Starting PatchAll for assembly BaseLib, Version=3.1.4.0, Culture=neutral, PublicKeyToken=null
[INFO] [BaseLib] Patching StateMachineType: MegaCrit.Sts2.Core.Nodes.Combat.NCreature+<AnimDie>d__102
[INFO] [BaseLib] Adding new state 5 for method CustomAnimationPatch.WaitCustomAnim before Wait with result type None ()
[INFO] [BaseLib] Patching StateMachineType: MegaCrit.Sts2.Core.Hooks.Hook+<AfterCardPlayed>d__15
[INFO] [BaseLib] Adding new state 2 for method AfterCardPlayedPatch.BeforeAfterPlayHooks before AfterCardPlayed with result type None ()
[INFO] [BaseLib] Applied 217 patches successfully, 0 failed
[INFO] Finished mod initialization for 'BaseLib' (BaseLib).
[INFO]  --- RUNNING MODDED! --- Loaded 8 mods (9 total)
[INFO] Syncing cloud save files to the local save directory
[WARN] Asset not cached: res://scenes/cards/card.tscn
[WARN] Asset not cached: res://scenes/cards/holders/grid_card_holder.tscn
[INFO] AtlasManager: Loaded ui_atlas with 102 sprites
[INFO] AtlasManager: Loaded compressed with 45 sprites
[INFO] [BaseLib] Performing post-mod init patch
[INFO] [BaseLib] Patching act types for custom encounters and events | DeprecatedAct | Glory | Hive | Overgrowth | Underdocks
[INFO] [BaseLib] Generating interop methods and properties
[INFO] [BaseLib] Found 0 SavedSpireFields.
[INFO] Loading locale path=res://localization/eng
[INFO] Found loc table from mod: eng card_keywords.json. Merging with base loc table
[INFO] Found loc table from mod: eng main_menu_ui.json. Merging with base loc table
[INFO] Found loc table from mod: eng powers.json. Merging with base loc table
[INFO] Found loc table from mod: eng settings_ui.json. Merging with base loc table
[INFO] Found loc table from mod: eng static_hover_tips.json. Merging with base loc table
[INFO] Loading locale path=res://localization/zhs
[INFO] Found loc table from mod: zhs main_menu_ui.json. Merging with base loc table
[INFO] Found loc table from mod: zhs powers.json. Merging with base loc table
[INFO] Found loc table from mod: zhs settings_ui.json. Merging with base loc table
[INFO] Found loc table from mod: zhs static_hover_tips.json. Merging with base loc table
[INFO] [BaseLib] Generated KeyGenerator for enum MegaCrit.Sts2.Core.Entities.Cards.TargetType with starting value 10 | IsFlag: False | Half-Size: 16
[INFO] [BaseLib] Generated KeyGenerator for enum MegaCrit.Sts2.Core.Entities.Cards.CardKeyword with starting value 8 | IsFlag: False | Half-Size: 16
[INFO] ModelIdSerializationCache initialized. Categories: 19 Entries: 1611 Epochs: 57 Hash: 1357847701
[Sentry.GDExtension] Initialized: env=playtesters, release=v0.103.2
[INFO] Profile-scoped data path initialized: user://steam/76561198146902179/modded/profile1
[INFO] [Sentry.NET] Is running modded
[INFO] [Sentry.NET] Shutting down because event reporting is disabled.
[INFO] [Sentry.NET] Shutting down
[Sentry.GDExtension] Shutting down
[INFO] AtlasManager: Loaded controller_atlas with 112 sprites
[INFO] Limiting background FPS to 30
[INFO] Applying display settings...
  FULLSCREEN: False
  ASPECT_RATIO: (SixteenByNine)
  TARGET_DISPLAY: (0)
  WINDOW_SIZE: (1268, 809)
  POSITION: (496, 127)
[INFO] [Display] Min size: (64, 64) Max size: (16384, 16384)
[INFO] Window changed! New size: (1920, 1061)
[INFO] [Display] Attempting WINDOWED mode on Display 1 of 1 at position (496, 127)
[INFO] Restored foreground FPS
[INFO] [Display] SUCCESS: (1268, 809) Windowed mode in Display 0: Position (496, 127) ((496, 127))
[INFO] Window changed! New size: (1268, 809)
[INFO] [Display] New size: (1268, 809) position: (496, 127)
[INFO] VSync: Adaptive
[INFO] SteamStatsManager: User stats received
[INFO] SteamStatsManager: Global stats received (found=True), architect damage = 222811415663
[INFO] [sts2.piyixiajiuhenfen.modconfig] Registered config: Rewind (22 entries)
[INFO] [sts2.piyixiajiuhenfen.rewind] Registered with ModConfig; applied fairMode=False, checkpointEnabled=True, checkpointHistoryLimit=15, checkpointPreserveMapDrawings=True, checkpointHistoryAutoPan=True, checkpointHistoryAutoPanSpeed=4.0, rewindSpeed=10, undoButtonOpacity=65, undoButtonColor=#82D991, showSpeedXOverlayStats=False, undoButtonResetKey=None, rewindKey=F4, checkpointLoadKey=F9, checkpointRedoKey=None, rerollRunKey=None, seedCopyKey=F8
[INFO] [sts2.piyixiajiuhenfen.modconfig] Registered config: Skada: Damage Meter (20 entries)
[INFO] [sts2.piyixiajiuhenfen.damagemeter] DamageMeter settings synced to ModConfig (startup)
[INFO] [sts2.piyixiajiuhenfen.damagemeter] Registered with ModConfig; applied toggleKey=F7, recoverKey=None
[INFO] [sts2.piyixiajiuhenfen.modconfig] Registered config: SpeedX (41 entries)
[INFO] [sts2.piyixiajiuhenfen.speedx] Registered with ModConfig
[INFO] Wrote 3323 bytes to path=user://steam/76561198146902179/settings.save save_dir=user://steam/76561198146902179
[INFO] Wrote 3323 bytes to settings.save in steam remote store
[INFO] === Godot OS Debug Information ===
Timestamp: 05/22/2026 16:24:35
OS: Windows
OS Version: 10.0.19045
Distribution Name: Windows
Device Model: MS-7D45
Is Debug Build: False
Is Sandboxed: False
Executable Path: C:/Program Files (x86)/Steam/steamapps/common/Slay the Spire 2/SlayTheSpire2.exe
Data Directory: C:/Users/admin/AppData/Roaming
User Data Directory: C:/Users/admin/AppData/Roaming/SlayTheSpire2
Command Line Args: 
User Command Line Args: 
OS Locale: zh_CN
OS Language: zh
Game Locale: zh_CN
Is UserFS Persistent: True
Is Stdout Verbose: False
Is Low Processor Usage Mode: False
Architecture: x86_64
Engine Version: 4.5.1-m.9 (custom_build)
Is Editor: False
Release Version: v0.103.2
Release Commit: 89765e1e
Release Date: 04/16/2026 21:53:23
Processor Count: 12
Processor Name: 12th Gen Intel(R) Core(TM) i5-12400F
Main assembly hash: 1832700724
Rendering device name: NVIDIA GeForce GT 1030
  Graphics adapter 0: NVIDIA GeForce GT 1030
  version: 32.0.15.0
  Graphics adapter 1: NVIDIA GeForce GT 1030
  version: 32.0.15.0
  Graphics adapter 2: Microsoft Basic Render Driver
  version: 10.0.19041.0
Screen info (primary 0):
  Index 0: Size: (1920, 1080) Orientation: Landscape Scale: 1 DPI: 96 Refresh Rate: 119.982
Video Memory Used: 0.0B
Memory Info:
  physical: 7.9GB
  free: 2.2GB
  available: 20.4GB
  stack: 8.0MB
  Static Memory Usage: 0.0B
  Static Memory Peak Usage: 0.0B
Important Environment Variables:
  PATH: C:\WINDOWS\system32;C:\WINDOWS;C:\WINDOWS\System32\Wbem;C:\WINDOWS\System32\WindowsPowerShell\v1.0\;C:\WINDOWS\System32\OpenSSH\;C:\Program Files (x86)\NVIDIA Corporation\PhysX\Common;C:\Program Files\NVIDIA Corporation\NVIDIA NvDLISR;C:\Program Files\dotnet\;C:\Users\admin\AppData\Local\Microsoft\WindowsApps;
  GODOT_ROOT_DIR: 
  HOME: 
  DYLD_LIBRARY_PATH: 
  LD_LIBRARY_PATH: 

[INFO] Preloading 'IntroLogo' assets... count=3 vfx=0
[INFO] Preloading 'IntroLogo' Complete: assets=3 time_elapsed=19ms
[INFO] Preloading 'MainMenuEssentials' assets... count=5 vfx=0
[INFO] Preloading 'MainMenuEssentials' Complete: assets=5 time_elapsed=131ms
[WARN] Asset not cached: res://debug_audio/SOTE_Logo_Echoing_ShortTail.mp3
[INFO] [sts2.piyixiajiuhenfen.modconfig] Mods tab injected into settings screen!
[INFO] [Startup] Time to main menu (Godot ticks): 12952ms
[INFO] [BaseLib] Adding custom save data to SerializableCard.
[INFO] [BaseLib] Added 1 new properties to SerializableCard
[INFO] [BaseLib] Type System.Collections.Generic.Dictionary`2[System.String,System.Collections.Generic.List`1[BaseLib.Abstracts.CardModifier+ModifierSave]] missing for serialization, checking extended types
[INFO] [BaseLib] Type System.Collections.Generic.List`1[BaseLib.Abstracts.CardModifier+ModifierSave] missing for serialization, checking extended types
[INFO] [BaseLib] Type BaseLib.Abstracts.CardModifier+ModifierSave missing for serialization, checking extended types
[INFO] [BaseLib] Type System.Collections.Generic.Dictionary`2[System.String,System.Int32] missing for serialization, checking extended types
[INFO] [BaseLib] Adding custom save data to SerializablePlayer.
[INFO] [BaseLib] Added 0 new properties to SerializableCard
[INFO] [BaseLib] Adding custom save data to SerializablePotion.
[INFO] [BaseLib] Added 0 new properties to SerializableCard
[INFO] [BaseLib] Adding custom save data to SerializableRelic.
[INFO] [BaseLib] Added 0 new properties to SerializableCard
[INFO] [BaseLib] Adding custom save data to SerializableReward.
[INFO] [BaseLib] Added 0 new properties to SerializableCard
[INFO] [BaseLib] Ignoring run with unknown character CHARACTER.LITTLEWIZARD-LITTLE_WIZARD
[INFO] [Startup] Time to main menu: 13,164ms
[INFO] [Startup] Resource stats (main menu loaded (essential)): StaticMem=0B, VRAM=524.9MB, Objects=10,028, Resources=679, Nodes=2,101, CachedAssets=10
[INFO] AtlasManager: Loaded epoch_atlas with 57 sprites
[INFO] AtlasManager: Loaded relic_atlas with 341 sprites
[INFO] AtlasManager: Loaded relic_outline_atlas with 341 sprites
[INFO] AtlasManager: Loaded power_atlas with 266 sprites
[INFO] AtlasManager: Loaded card_atlas with 864 sprites
[INFO] AtlasManager: Loaded potion_atlas with 63 sprites
[INFO] AtlasManager: Loaded potion_outline_atlas with 63 sprites
[INFO] AtlasManager: Loaded stats_screen_atlas with 16 sprites
[INFO] AtlasManager: Loaded intent_atlas with 310 sprites
[INFO] AtlasManager: Loaded era_atlas with 27 sprites
[INFO] Unloading 3 missed cache assets
[INFO] Preloading 'Common' assets... count=683 vfx=86
[INFO] [Startup] Resource stats (main menu loaded (complete)): StaticMem=0B, VRAM=722.1MB, Objects=10,009, Resources=678, Nodes=2,099, CachedAssets=5
[INFO] Limiting background FPS to 30
[INFO] Restored foreground FPS
[WARN] Asset not cached: res://scenes/screens/singleplayer_submenu.tscn
[INFO] Preloading 'Common' Complete: assets=769 time_elapsed=3,455ms
[INFO] Max ascension changed to 0
[INFO] Max ascension changed to 10
[INFO] [StartRunLobby (1)] CHARACTER.IRONCLAD ascension set to preferred: 10
[INFO] Max ascension changed to 10
[INFO] [StartRunLobby (1)] CHARACTER.DEFECT ascension set to preferred: 10
[INFO] Max ascension changed to 10
[INFO] [StartRunLobby (1)] CHARACTER.SILENT ascension set to preferred: 10
[INFO] Max ascension changed to 10
[INFO] [StartRunLobby (1)] CHARACTER.IRONCLAD ascension set to preferred: 10
[INFO] Max ascension changed to 10
[INFO] [StartRunLobby (1)] CHARACTER.REGENT ascension set to preferred: 10
[WARN] Asset not cached: res://images/packed/sprite_fonts/star_icon.png
[INFO] Max ascension changed to 10
[INFO] [StartRunLobby (1)] CHARACTER.NECROBINDER ascension set to preferred: 10
[INFO] Max ascension changed to 10
[INFO] [StartRunLobby (1)] CHARACTER.DEFECT ascension set to preferred: 10
[WARN] Asset not cached: res://scenes/screens/char_select/char_select_bg_random_character.tscn
[INFO] [StartRunLobby (1)] RANDOM: Returning highest Ascension across all chars: 10
[INFO] Max ascension changed to 10
[INFO] [StartRunLobby (1)] CHARACTER.RANDOM_CHARACTER ascension set to Max: 10
[INFO] Quit button pressed
[INFO] Quit confirmed
[INFO] [BaseLib] NGame.Quit(): saving all ModConfigs
[INFO] NGame.Quit called
[INFO] [Display] On exit, saving window size: (1268, 809) display: 0 position: (496, 127)
[INFO] Wrote 3323 bytes to path=user://steam/76561198146902179/settings.save save_dir=user://steam/76561198146902179
[INFO] Wrote 3323 bytes to settings.save in steam remote store
[INFO] Wrote 297 bytes to path=user://steam/76561198146902179/modded/profile1\saves\prefs.save save_dir=user://steam/76561198146902179
[INFO] Wrote 297 bytes to modded/profile1/saves/prefs.save in steam remote store
[INFO] Wrote 245766 bytes to path=user://steam/76561198146902179/modded/profile1\saves\progress.save save_dir=user://steam/76561198146902179
[INFO] Wrote 245766 bytes to modded/profile1/saves/progress.save in steam remote store
[INFO] Wrote 52 bytes to path=user://steam/76561198146902179/profile.save save_dir=user://steam/76561198146902179
[INFO] Wrote 52 bytes to profile.save in steam remote store
[INFO] Steamworks: shutting down...
[INFO] Steamworks shutdown succeeded!
FMOD Sound System: System released
WARNING: 1050 RIDs of type "CanvasItem" were leaked.
   at: _free_rids (servers/rendering/renderer_canvas_cull.cpp:2678)
ERROR: 1 RID allocations of type 'N26RendererEnvironmentStorage11EnvironmentE' were leaked at exit.
ERROR: 5 shaders of type CanvasShaderRD were never freed
   at: ~ShaderRD (servers/rendering/renderer_rd/shader_rd.cpp:1044)
ERROR: 30 RID allocations of type 'N10RendererRD16ParticlesStorage9ParticlesE' were leaked at exit.
ERROR: 1 shaders of type ParticlesShaderRD were never freed
   at: ~ShaderRD (servers/rendering/renderer_rd/shader_rd.cpp:1044)
ERROR: 30 RID allocations of type 'N10RendererRD11MeshStorage4MeshE' were leaked at exit.
ERROR: 125 RID allocations of type 'N10RendererRD15MaterialStorage8MaterialE' were leaked at exit.
ERROR: 6 RID allocations of type 'N10RendererRD15MaterialStorage6ShaderE' were leaked at exit.
ERROR: 25 RID allocations of type 'N10RendererRD14TextureStorage7TextureE' were leaked at exit.
WARNING: 245 RIDs of type "UniformBuffer" were leaked.
   at: _free_rids (servers/rendering/rendering_device.cpp:6981)
WARNING: 46 RIDs of type "Texture" were leaked.
   at: finalize (servers/rendering/rendering_device.cpp:7191)
ERROR: 360 RID allocations of type 'PN18TextServerAdvanced22ShapedTextDataAdvancedE' were leaked at exit.
ERROR: 3 RID allocations of type 'PN18TextServerAdvanced12FontAdvancedE' were leaked at exit.
ERROR: 4 RID allocations of type 'PN18TextServerAdvanced27FontAdvancedLinkedVariationE' were leaked at exit.
WARNING: ObjectDB instances leaked at exit (run with --verbose for details).
   at: cleanup (core/object/object.cpp:2514)
ERROR: 65 resources still in use at exit (run with --verbose for details).
   at: clear (core/io/resource.cpp:795)
